#
# There is insufficient memory for the Java Runtime Environment to continue.
# Native memory allocation (malloc) failed to allocate 970304 bytes. Error detail: Chunk::new
# Possible reasons:
#   The system is out of physical RAM or swap space
#   This process is running with CompressedOops enabled, and the Java Heap may be blocking the growth of the native heap
# Possible solutions:
#   Reduce memory load on the system
#   Increase physical memory or swap space
#   Check if swap backing store is full
#   Decrease Java heap size (-Xmx/-Xms)
#   Decrease number of Java threads
#   Decrease Java thread stack sizes (-Xss)
#   Set larger code cache with -XX:ReservedCodeCacheSize=
#   JVM is running with Unscaled Compressed Oops mode in which the Java heap is
#     placed in the first 4GB address space. The Java Heap base address is the
#     maximum limit for the native heap growth. Please use -XX:HeapBaseMinAddress
#     to set the Java Heap base and to place the Java Heap above 4GB virtual address.
# This output file may be truncated or incomplete.
#
#  Out of Memory Error (arena.cpp:191), pid=24016, tid=23292
#
# JRE version: OpenJDK Runtime Environment Temurin-17.0.13+11 (17.0.13+11) (build 17.0.13+11)
# Java VM: OpenJDK 64-Bit Server VM Temurin-17.0.13+11 (17.0.13+11, mixed mode, tiered, compressed oops, compressed class ptrs, parallel gc, windows-amd64)
# No core dump will be written. Minidumps are not enabled by default on client versions of Windows
#

---------------  S U M M A R Y ------------

Command Line: --add-modules=ALL-SYSTEM --add-opens=java.base/java.util=ALL-UNNAMED --add-opens=java.base/java.lang=ALL-UNNAMED --add-opens=java.base/sun.nio.fs=ALL-UNNAMED -Declipse.application=org.eclipse.jdt.ls.core.id1 -Dosgi.bundles.defaultStartLevel=4 -Declipse.product=org.eclipse.jdt.ls.core.product -Djava.import.generatesMetadataFilesAtProjectRoot=false -DDetectVMInstallationsJob.disabled=true -Dfile.encoding=utf8 -XX:+UseParallelGC -XX:GCTimeRatio=4 -XX:AdaptiveSizePolicyWeight=90 -Dsun.zip.disableMemoryMapping=true -Xmx1G -Xms100m -Xlog:disable -javaagent:c:\Users\Aluno\.vscode\extensions\redhat.java-1.36.0-win32-x64\lombok\lombok-1.18.35.jar -XX:+HeapDumpOnOutOfMemoryError -XX:HeapDumpPath=c:\Users\Aluno\AppData\Roaming\Code\User\workspaceStorage\ed102d83d7917cb5578b6dcfe1f1c6d5\redhat.java -Daether.dependencyCollector.impl=bf c:\Users\Aluno\.vscode\extensions\redhat.java-1.36.0-win32-x64\server\plugins\org.eclipse.equinox.launcher_1.6.900.v20240613-2009.jar -configuration c:\Users\Aluno\AppData\Roaming\Code\User\globalStorage\redhat.java\1.36.0\config_win -data c:\Users\Aluno\AppData\Roaming\Code\User\workspaceStorage\ed102d83d7917cb5578b6dcfe1f1c6d5\redhat.java\jdt_ws --pipe=\\.\pipe\lsp-a048e0c6e606030e145cbb72c3e8a305-sock

Host: 12th Gen Intel(R) Core(TM) i3-12100T, 8 cores, 15G,  Windows 11 , 64 bit Build 22621 (10.0.22621.3958)
Time: Fri Nov  8 17:22:56 2024 Hora Padrão de Buenos Aires elapsed time: 16.848500 seconds (0d 0h 0m 16s)

---------------  T H R E A D  ---------------

Current thread (0x000001f811524550):  JavaThread "C2 CompilerThread2" daemon [_thread_in_native, id=23292, stack(0x0000000cc4b00000,0x0000000cc4c00000)]


Current CompileTask:
C2:  16848 10668 % !   4       java.util.jar.Attributes::read @ 214 (498 bytes)

Stack: [0x0000000cc4b00000,0x0000000cc4c00000]
Native frames: (J=compiled Java code, j=interpreted, Vv=VM code, C=native code)
V  [jvm.dll+0x682a19]
V  [jvm.dll+0x839538]
V  [jvm.dll+0x83afe3]
V  [jvm.dll+0x83b653]
V  [jvm.dll+0x24704f]
V  [jvm.dll+0xace34]
V  [jvm.dll+0xad4cc]
V  [jvm.dll+0x36597e]
V  [jvm.dll+0x32fbd8]
V  [jvm.dll+0x32f05a]
V  [jvm.dll+0x21804f]
V  [jvm.dll+0x21748f]
V  [jvm.dll+0x1a3070]
V  [jvm.dll+0x22788c]
V  [jvm.dll+0x2259eb]
V  [jvm.dll+0x7eec98]
V  [jvm.dll+0x7e8ffc]
V  [jvm.dll+0x6818f7]
C  [ucrtbase.dll+0x29333]
C  [KERNEL32.DLL+0x1257d]
C  [ntdll.dll+0x5af08]


---------------  P R O C E S S  ---------------

Threads class SMR info:
_java_thread_list=0x000001f811acab70, length=51, elements={
0x000001f8738d4ee0, 0x000001f878742280, 0x000001f878742f10, 0x000001f87874bf00,
0x000001f87874ca30, 0x000001f87874d660, 0x000001f87d7ea010, 0x000001f87d8160e0,
0x000001f87d833800, 0x000001f87d8470f0, 0x000001f87d8590f0, 0x000001f87daf9780,
0x000001f87f0afb40, 0x000001f87f0af630, 0x000001f87f0b28d0, 0x000001f87f0b0050,
0x000001f87f0af120, 0x000001f87f0b0a70, 0x000001f87f0b23c0, 0x000001f87f0b0f80,
0x000001f87f0b1eb0, 0x000001f81046d8d0, 0x000001f810471aa0, 0x000001f810470b70,
0x000001f8104733f0, 0x000001f810471080, 0x000001f810471590, 0x000001f8104729d0,
0x000001f810471fb0, 0x000001f81046c490, 0x000001f81046bf80, 0x000001f81046c9a0,
0x000001f810472ee0, 0x000001f8104724c0, 0x000001f810473900, 0x000001f81046f220,
0x000001f81046e800, 0x000001f81046dde0, 0x000001f80ffd3d90, 0x000001f811524ff0,
0x000001f811524550, 0x000001f80ffd6100, 0x000001f80ffd1000, 0x000001f80ffd05e0,
0x000001f80ffd56e0, 0x000001f80ffd6610, 0x000001f80ffd5bf0, 0x000001f80ffd6b20,
0x000001f80ffd51d0, 0x000001f80ffd42a0, 0x000001f80ffd47b0
}

Java Threads: ( => current thread )
  0x000001f8738d4ee0 JavaThread "main" [_thread_blocked, id=12428, stack(0x0000000cc2a00000,0x0000000cc2b00000)]
  0x000001f878742280 JavaThread "Reference Handler" daemon [_thread_blocked, id=37332, stack(0x0000000cc2d00000,0x0000000cc2e00000)]
  0x000001f878742f10 JavaThread "Finalizer" daemon [_thread_blocked, id=31008, stack(0x0000000cc2e00000,0x0000000cc2f00000)]
  0x000001f87874bf00 JavaThread "Signal Dispatcher" daemon [_thread_blocked, id=33696, stack(0x0000000cc2f00000,0x0000000cc3000000)]
  0x000001f87874ca30 JavaThread "Attach Listener" daemon [_thread_blocked, id=12188, stack(0x0000000cc3000000,0x0000000cc3100000)]
  0x000001f87874d660 JavaThread "Service Thread" daemon [_thread_blocked, id=28720, stack(0x0000000cc3100000,0x0000000cc3200000)]
  0x000001f87d7ea010 JavaThread "Monitor Deflation Thread" daemon [_thread_blocked, id=12452, stack(0x0000000cc3200000,0x0000000cc3300000)]
  0x000001f87d8160e0 JavaThread "C2 CompilerThread0" daemon [_thread_in_native, id=21224, stack(0x0000000cc3300000,0x0000000cc3400000)]
  0x000001f87d833800 JavaThread "C1 CompilerThread0" daemon [_thread_blocked, id=21856, stack(0x0000000cc3400000,0x0000000cc3500000)]
  0x000001f87d8470f0 JavaThread "Sweeper thread" daemon [_thread_blocked, id=7568, stack(0x0000000cc3500000,0x0000000cc3600000)]
  0x000001f87d8590f0 JavaThread "Common-Cleaner" daemon [_thread_blocked, id=19716, stack(0x0000000cc3600000,0x0000000cc3700000)]
  0x000001f87daf9780 JavaThread "Notification Thread" daemon [_thread_blocked, id=20528, stack(0x0000000cc3800000,0x0000000cc3900000)]
  0x000001f87f0afb40 JavaThread "Active Thread: Equinox Container: f0b9522e-019d-43b4-a6e0-4aeed42b155e" [_thread_blocked, id=15860, stack(0x0000000cc4100000,0x0000000cc4200000)]
  0x000001f87f0af630 JavaThread "Refresh Thread: Equinox Container: f0b9522e-019d-43b4-a6e0-4aeed42b155e" daemon [_thread_blocked, id=31372, stack(0x0000000cc3700000,0x0000000cc3800000)]
  0x000001f87f0b28d0 JavaThread "Framework Event Dispatcher: Equinox Container: f0b9522e-019d-43b4-a6e0-4aeed42b155e" daemon [_thread_blocked, id=7564, stack(0x0000000cc3a00000,0x0000000cc3b00000)]
  0x000001f87f0b0050 JavaThread "Start Level: Equinox Container: f0b9522e-019d-43b4-a6e0-4aeed42b155e" daemon [_thread_blocked, id=33328, stack(0x0000000cc4200000,0x0000000cc4300000)]
  0x000001f87f0af120 JavaThread "Bundle File Closer" daemon [_thread_blocked, id=34108, stack(0x0000000cc4500000,0x0000000cc4600000)]
  0x000001f87f0b0a70 JavaThread "SCR Component Actor" daemon [_thread_blocked, id=10768, stack(0x0000000cc4400000,0x0000000cc4500000)]
  0x000001f87f0b23c0 JavaThread "Worker-JM" [_thread_blocked, id=20976, stack(0x0000000cc4800000,0x0000000cc4900000)]
  0x000001f87f0b0f80 JavaThread "Worker-0" [_thread_blocked, id=37224, stack(0x0000000cc4900000,0x0000000cc4a00000)]
  0x000001f87f0b1eb0 JavaThread "Worker-1" [_thread_blocked, id=15084, stack(0x0000000cc4a00000,0x0000000cc4b00000)]
  0x000001f81046d8d0 JavaThread "Java indexing" daemon [_thread_blocked, id=12360, stack(0x0000000cc4c00000,0x0000000cc4d00000)]
  0x000001f810471aa0 JavaThread "JNA Cleaner" daemon [_thread_blocked, id=13416, stack(0x0000000cc4d00000,0x0000000cc4e00000)]
  0x000001f810470b70 JavaThread "Thread-2" daemon [_thread_in_native, id=21720, stack(0x0000000cc5000000,0x0000000cc5100000)]
  0x000001f8104733f0 JavaThread "Thread-3" daemon [_thread_in_native, id=8992, stack(0x0000000cc5100000,0x0000000cc5200000)]
  0x000001f810471080 JavaThread "Thread-4" daemon [_thread_in_native, id=8732, stack(0x0000000cc5200000,0x0000000cc5300000)]
  0x000001f810471590 JavaThread "Thread-5" daemon [_thread_in_native, id=34864, stack(0x0000000cc5300000,0x0000000cc5400000)]
  0x000001f8104729d0 JavaThread "Thread-6" daemon [_thread_in_native, id=13520, stack(0x0000000cc5400000,0x0000000cc5500000)]
  0x000001f810471fb0 JavaThread "Thread-7" daemon [_thread_in_native, id=24752, stack(0x0000000cc5500000,0x0000000cc5600000)]
  0x000001f81046c490 JavaThread "Thread-8" daemon [_thread_in_native, id=2020, stack(0x0000000cc5600000,0x0000000cc5700000)]
  0x000001f81046bf80 JavaThread "Thread-9" daemon [_thread_in_native, id=23836, stack(0x0000000cc5700000,0x0000000cc5800000)]
  0x000001f81046c9a0 JavaThread "Thread-10" daemon [_thread_in_native, id=14388, stack(0x0000000cc5800000,0x0000000cc5900000)]
  0x000001f810472ee0 JavaThread "pool-2-thread-1" [_thread_blocked, id=19992, stack(0x0000000cc5900000,0x0000000cc5a00000)]
  0x000001f8104724c0 JavaThread "WorkspaceEventsHandler" [_thread_blocked, id=1136, stack(0x0000000cc5a00000,0x0000000cc5b00000)]
  0x000001f810473900 JavaThread "pool-1-thread-1" [_thread_blocked, id=27816, stack(0x0000000cc5b00000,0x0000000cc5c00000)]
  0x000001f81046f220 JavaThread "Worker-2" [_thread_blocked, id=32064, stack(0x0000000cc5c00000,0x0000000cc5d00000)]
  0x000001f81046e800 JavaThread "Worker-3: Java indexing... " [_thread_blocked, id=11600, stack(0x0000000cc5d00000,0x0000000cc5e00000)]
  0x000001f81046dde0 JavaThread "Keep-Alive-Timer" daemon [_thread_blocked, id=10928, stack(0x0000000cc5f00000,0x0000000cc6000000)]
  0x000001f80ffd3d90 JavaThread "Worker-4: Initialize workspace" [_thread_in_Java, id=14064, stack(0x0000000cc4600000,0x0000000cc4700000)]
  0x000001f811524ff0 JavaThread "C2 CompilerThread1" daemon [_thread_in_native, id=36144, stack(0x0000000cc4700000,0x0000000cc4800000)]
=>0x000001f811524550 JavaThread "C2 CompilerThread2" daemon [_thread_in_native, id=23292, stack(0x0000000cc4b00000,0x0000000cc4c00000)]
  0x000001f80ffd6100 JavaThread "ForkJoinPool.commonPool-worker-1" daemon [_thread_blocked, id=30600, stack(0x0000000cc6100000,0x0000000cc6200000)]
  0x000001f80ffd1000 JavaThread "ForkJoinPool.commonPool-worker-2" daemon [_thread_blocked, id=34740, stack(0x0000000cc6200000,0x0000000cc6300000)]
  0x000001f80ffd05e0 JavaThread "ForkJoinPool.commonPool-worker-3" daemon [_thread_blocked, id=19280, stack(0x0000000cc6300000,0x0000000cc6400000)]
  0x000001f80ffd56e0 JavaThread "ForkJoinPool.commonPool-worker-4" daemon [_thread_in_native, id=19068, stack(0x0000000cc6400000,0x0000000cc6500000)]
  0x000001f80ffd6610 JavaThread "ForkJoinPool.commonPool-worker-5" daemon [_thread_blocked, id=9516, stack(0x0000000cc6500000,0x0000000cc6600000)]
  0x000001f80ffd5bf0 JavaThread "ForkJoinPool.commonPool-worker-6" daemon [_thread_in_vm, id=37316, stack(0x0000000cc6000000,0x0000000cc6100000)]
  0x000001f80ffd6b20 JavaThread "ForkJoinPool.commonPool-worker-7" daemon [_thread_blocked, id=1944, stack(0x0000000cc6600000,0x0000000cc6700000)]
  0x000001f80ffd51d0 JavaThread "Worker-5" [_thread_blocked, id=32564, stack(0x0000000cc6700000,0x0000000cc6800000)]
  0x000001f80ffd42a0 JavaThread "SCR Component Registry" daemon [_thread_blocked, id=35388, stack(0x0000000cc6800000,0x0000000cc6900000)]
  0x000001f80ffd47b0 JavaThread "Thread-12" daemon [_thread_in_Java, id=4188, stack(0x0000000cc6900000,0x0000000cc6a00000)]

Other Threads:
  0x000001f87d7b24c0 VMThread "VM Thread" [stack: 0x0000000cc2c00000,0x0000000cc2d00000] [id=15848]
  0x000001f87db60dd0 WatcherThread [stack: 0x0000000cc3900000,0x0000000cc3a00000] [id=13712]
  0x000001f8738e9160 GCTaskThread "GC Thread#0" [stack: 0x0000000cc2b00000,0x0000000cc2c00000] [id=15932]
  0x000001f87f0ed2f0 GCTaskThread "GC Thread#1" [stack: 0x0000000cc3b00000,0x0000000cc3c00000] [id=36080]
  0x000001f87f0ed9c0 GCTaskThread "GC Thread#2" [stack: 0x0000000cc3c00000,0x0000000cc3d00000] [id=37000]
  0x000001f87f0edc80 GCTaskThread "GC Thread#3" [stack: 0x0000000cc3d00000,0x0000000cc3e00000] [id=10888]
  0x000001f87ef17020 GCTaskThread "GC Thread#4" [stack: 0x0000000cc3e00000,0x0000000cc3f00000] [id=33956]
  0x000001f87ef172e0 GCTaskThread "GC Thread#5" [stack: 0x0000000cc3f00000,0x0000000cc4000000] [id=7280]
  0x000001f87edc5390 GCTaskThread "GC Thread#6" [stack: 0x0000000cc4000000,0x0000000cc4100000] [id=20156]
  0x000001f80f166fd0 GCTaskThread "GC Thread#7" [stack: 0x0000000cc4300000,0x0000000cc4400000] [id=24416]

Threads with active compile tasks:
C2 CompilerThread0    16861 10669       4       org.eclipse.jdt.internal.core.JarPackageFragmentRoot::initRawPackageInfo (292 bytes)
C2 CompilerThread1    16861 10654       4       jdk.internal.jimage.ImageReader$SharedImageReader$$Lambda$611/0x00000001007cd718::visit (13 bytes)
C2 CompilerThread2    16861 10668 % !   4       java.util.jar.Attributes::read @ 214 (498 bytes)

VM state: not at safepoint (normal execution)

VM Mutex/Monitor currently owned by a thread: None

Heap address: 0x00000000c0000000, size: 1024 MB, Compressed Oops mode: 32-bit

CDS archive(s) not mapped
Compressed class space mapped at: 0x0000000100000000-0x0000000140000000, reserved size: 1073741824
Narrow klass base: 0x0000000000000000, Narrow klass shift: 3, Narrow klass range: 0x140000000

GC Precious Log:
 CPUs: 8 total, 8 available
 Memory: 16072M
 Large Page Support: Disabled
 NUMA Support: Disabled
 Compressed Oops: Enabled (32-bit)
 Alignments: Space 512K, Generation 512K, Heap 2M
 Heap Min Capacity: 100M
 Heap Initial Capacity: 100M
 Heap Max Capacity: 1G
 Pre-touch: Disabled
 Parallel Workers: 8

Heap:
 PSYoungGen      total 25600K, used 20970K [0x00000000eab00000, 0x00000000ecc00000, 0x0000000100000000)
  eden space 19456K, 78% used [0x00000000eab00000,0x00000000eb9e2a08,0x00000000ebe00000)
  from space 6144K, 93% used [0x00000000ec600000,0x00000000ecb98020,0x00000000ecc00000)
  to   space 6656K, 0% used [0x00000000ebf00000,0x00000000ebf00000,0x00000000ec580000)
 ParOldGen       total 91136K, used 69640K [0x00000000c0000000, 0x00000000c5900000, 0x00000000eab00000)
  object space 91136K, 76% used [0x00000000c0000000,0x00000000c4402088,0x00000000c5900000)
 Metaspace       used 73750K, committed 75072K, reserved 1179648K
  class space    used 7885K, committed 8448K, reserved 1048576K

Card table byte_map: [0x000001f873250000,0x000001f873460000] _byte_map_base: 0x000001f872c50000

Marking Bits: (ParMarkBitMap*) 0x00007ffb2b5e6940
 Begin Bits: [0x000001f876550000, 0x000001f877550000)
 End Bits:   [0x000001f877550000, 0x000001f878550000)

Polling page: 0x000001f871800000

Metaspace:

Usage:
  Non-class:     64.32 MB used.
      Class:      7.70 MB used.
       Both:     72.02 MB used.

Virtual space:
  Non-class space:      128.00 MB reserved,      65.06 MB ( 51%) committed,  2 nodes.
      Class space:        1.00 GB reserved,       8.25 MB ( <1%) committed,  1 nodes.
             Both:        1.12 GB reserved,      73.31 MB (  6%) committed. 

Chunk freelists:
   Non-Class:  14.22 MB
       Class:  7.66 MB
        Both:  21.88 MB

MaxMetaspaceSize: unlimited
CompressedClassSpaceSize: 1.00 GB
Initial GC threshold: 21.00 MB
Current GC threshold: 121.25 MB
CDS: off
MetaspaceReclaimPolicy: balanced
 - commit_granule_bytes: 65536.
 - commit_granule_words: 8192.
 - virtual_space_node_default_size: 8388608.
 - enlarge_chunks_in_place: 1.
 - new_chunks_are_fully_committed: 0.
 - uncommit_free_chunks: 1.
 - use_allocation_guard: 0.
 - handle_deallocations: 1.


Internal statistics:

num_allocs_failed_limit: 9.
num_arena_births: 874.
num_arena_deaths: 22.
num_vsnodes_births: 3.
num_vsnodes_deaths: 0.
num_space_committed: 1173.
num_space_uncommitted: 0.
num_chunks_returned_to_freelist: 34.
num_chunks_taken_from_freelist: 3694.
num_chunk_merges: 18.
num_chunk_splits: 2345.
num_chunks_enlarged: 1462.
num_inconsistent_stats: 0.

CodeHeap 'non-profiled nmethods': size=120000Kb used=5846Kb max_used=5846Kb free=114153Kb
 bounds [0x000001f807ad0000, 0x000001f808090000, 0x000001f80f000000]
CodeHeap 'profiled nmethods': size=120000Kb used=19638Kb max_used=19638Kb free=100361Kb
 bounds [0x000001f800000000, 0x000001f801340000, 0x000001f807530000]
CodeHeap 'non-nmethods': size=5760Kb used=1398Kb max_used=1468Kb free=4361Kb
 bounds [0x000001f807530000, 0x000001f8077a0000, 0x000001f807ad0000]
 total_blobs=9859 nmethods=9110 adapters=663
 compilation: enabled
              stopped_count=0, restarted_count=0
 full_count=0

Compilation events (20 events):
Event: 16.835 Thread 0x000001f87d833800 10707   !   3       org.eclipse.jdt.ls.core.internal.handlers.FoldingRangeHandler::getNextToken (22 bytes)
Event: 16.835 Thread 0x000001f87d833800 nmethod 10707 0x000001f801323f10 code [0x000001f8013240e0, 0x000001f8013244d8]
Event: 16.835 Thread 0x000001f87d833800 10705       3       org.eclipse.jdt.internal.compiler.parser.Scanner::getLineNumber (14 bytes)
Event: 16.835 Thread 0x000001f87d833800 nmethod 10705 0x000001f801324710 code [0x000001f8013248a0, 0x000001f8013249e8]
Event: 16.835 Thread 0x000001f87d833800 10711       3       com.google.gson.internal.$Gson$Types::equals (286 bytes)
Event: 16.836 Thread 0x000001f87d833800 nmethod 10711 0x000001f801324a90 code [0x000001f801324f00, 0x000001f8013278a8]
Event: 16.836 Thread 0x000001f87d833800 10706       3       org.eclipse.jdt.internal.core.util.PublicScanner::getCurrentTokenStartPosition (8 bytes)
Event: 16.836 Thread 0x000001f87d833800 nmethod 10706 0x000001f801327f10 code [0x000001f8013280a0, 0x000001f8013281b8]
Event: 16.837 Thread 0x000001f87d833800 10708       3       org.eclipse.jdt.internal.core.util.PublicScanner::getNextToken (16 bytes)
Event: 16.837 Thread 0x000001f87d833800 nmethod 10708 0x000001f801328290 code [0x000001f801328440, 0x000001f801328658]
Event: 16.837 Thread 0x000001f87d833800 10709       3       org.eclipse.jdt.internal.core.util.PublicScanner::translateTokenToTerminalSymbol (1967 bytes)
Event: 16.838 Thread 0x000001f87d833800 nmethod 10709 0x000001f801328790 code [0x000001f801328b60, 0x000001f80132b358]
Event: 16.838 Thread 0x000001f87d833800 10710  s    3       org.eclipse.jdt.internal.core.search.processing.JobManager::awaitingJobsCount (21 bytes)
Event: 16.838 Thread 0x000001f87d833800 nmethod 10710 0x000001f80132b790 code [0x000001f80132b940, 0x000001f80132bc08]
Event: 16.839 Thread 0x000001f87d833800 10712       1       org.eclipse.core.resources.FileInfoMatcherDescription::getArguments (5 bytes)
Event: 16.839 Thread 0x000001f87d833800 nmethod 10712 0x000001f808085510 code [0x000001f8080856a0, 0x000001f808085778]
Event: 16.839 Thread 0x000001f87d833800 10713   !   3       org.eclipse.core.internal.resources.Resource::filterChildren (234 bytes)
Event: 16.841 Thread 0x000001f87d833800 nmethod 10713 0x000001f80132bd10 code [0x000001f80132c160, 0x000001f80132eca8]
Event: 16.841 Thread 0x000001f87d833800 10714       1       org.eclipse.core.internal.resources.FilterDescriptor::isFirstOrdering (5 bytes)
Event: 16.841 Thread 0x000001f87d833800 nmethod 10714 0x000001f808085810 code [0x000001f8080859a0, 0x000001f808085a78]

GC Heap History (20 events):
Event: 15.885 GC heap after
{Heap after GC invocations=39 (full 3):
 PSYoungGen      total 21504K, used 2018K [0x00000000eab00000, 0x00000000ec300000, 0x0000000100000000)
  eden space 19456K, 0% used [0x00000000eab00000,0x00000000eab00000,0x00000000ebe00000)
  from space 2048K, 98% used [0x00000000ec100000,0x00000000ec2f8800,0x00000000ec300000)
  to   space 2560K, 0% used [0x00000000ebe00000,0x00000000ebe00000,0x00000000ec080000)
 ParOldGen       total 68608K, used 42003K [0x00000000c0000000, 0x00000000c4300000, 0x00000000eab00000)
  object space 68608K, 61% used [0x00000000c0000000,0x00000000c2904e30,0x00000000c4300000)
 Metaspace       used 68707K, committed 69888K, reserved 1114112K
  class space    used 7390K, committed 7872K, reserved 1048576K
}
Event: 15.954 GC heap before
{Heap before GC invocations=40 (full 3):
 PSYoungGen      total 21504K, used 21474K [0x00000000eab00000, 0x00000000ec300000, 0x0000000100000000)
  eden space 19456K, 100% used [0x00000000eab00000,0x00000000ebe00000,0x00000000ebe00000)
  from space 2048K, 98% used [0x00000000ec100000,0x00000000ec2f8800,0x00000000ec300000)
  to   space 2560K, 0% used [0x00000000ebe00000,0x00000000ebe00000,0x00000000ec080000)
 ParOldGen       total 68608K, used 42003K [0x00000000c0000000, 0x00000000c4300000, 0x00000000eab00000)
  object space 68608K, 61% used [0x00000000c0000000,0x00000000c2904e30,0x00000000c4300000)
 Metaspace       used 68781K, committed 69952K, reserved 1114112K
  class space    used 7394K, committed 7872K, reserved 1048576K
}
Event: 15.956 GC heap after
{Heap after GC invocations=40 (full 3):
 PSYoungGen      total 20992K, used 1152K [0x00000000eab00000, 0x00000000ec180000, 0x0000000100000000)
  eden space 19456K, 0% used [0x00000000eab00000,0x00000000eab00000,0x00000000ebe00000)
  from space 1536K, 75% used [0x00000000ebe00000,0x00000000ebf20010,0x00000000ebf80000)
  to   space 1536K, 0% used [0x00000000ec000000,0x00000000ec000000,0x00000000ec180000)
 ParOldGen       total 68608K, used 43941K [0x00000000c0000000, 0x00000000c4300000, 0x00000000eab00000)
  object space 68608K, 64% used [0x00000000c0000000,0x00000000c2ae9630,0x00000000c4300000)
 Metaspace       used 68781K, committed 69952K, reserved 1114112K
  class space    used 7394K, committed 7872K, reserved 1048576K
}
Event: 16.177 GC heap before
{Heap before GC invocations=41 (full 3):
 PSYoungGen      total 20992K, used 20595K [0x00000000eab00000, 0x00000000ec180000, 0x0000000100000000)
  eden space 19456K, 99% used [0x00000000eab00000,0x00000000ebdfccc0,0x00000000ebe00000)
  from space 1536K, 75% used [0x00000000ebe00000,0x00000000ebf20010,0x00000000ebf80000)
  to   space 1536K, 0% used [0x00000000ec000000,0x00000000ec000000,0x00000000ec180000)
 ParOldGen       total 68608K, used 43941K [0x00000000c0000000, 0x00000000c4300000, 0x00000000eab00000)
  object space 68608K, 64% used [0x00000000c0000000,0x00000000c2ae9630,0x00000000c4300000)
 Metaspace       used 69370K, committed 70528K, reserved 1114112K
  class space    used 7442K, committed 7936K, reserved 1048576K
}
Event: 16.178 GC heap after
{Heap after GC invocations=41 (full 3):
 PSYoungGen      total 20480K, used 889K [0x00000000eab00000, 0x00000000ec100000, 0x0000000100000000)
  eden space 19456K, 0% used [0x00000000eab00000,0x00000000eab00000,0x00000000ebe00000)
  from space 1024K, 86% used [0x00000000ec000000,0x00000000ec0de470,0x00000000ec100000)
  to   space 1536K, 0% used [0x00000000ebe00000,0x00000000ebe00000,0x00000000ebf80000)
 ParOldGen       total 68608K, used 44948K [0x00000000c0000000, 0x00000000c4300000, 0x00000000eab00000)
  object space 68608K, 65% used [0x00000000c0000000,0x00000000c2be5030,0x00000000c4300000)
 Metaspace       used 69370K, committed 70528K, reserved 1114112K
  class space    used 7442K, committed 7936K, reserved 1048576K
}
Event: 16.287 GC heap before
{Heap before GC invocations=42 (full 3):
 PSYoungGen      total 20480K, used 20229K [0x00000000eab00000, 0x00000000ec100000, 0x0000000100000000)
  eden space 19456K, 99% used [0x00000000eab00000,0x00000000ebde3000,0x00000000ebe00000)
  from space 1024K, 86% used [0x00000000ec000000,0x00000000ec0de470,0x00000000ec100000)
  to   space 1536K, 0% used [0x00000000ebe00000,0x00000000ebe00000,0x00000000ebf80000)
 ParOldGen       total 68608K, used 44948K [0x00000000c0000000, 0x00000000c4300000, 0x00000000eab00000)
  object space 68608K, 65% used [0x00000000c0000000,0x00000000c2be5030,0x00000000c4300000)
 Metaspace       used 70491K, committed 71808K, reserved 1114112K
  class space    used 7584K, committed 8192K, reserved 1048576K
}
Event: 16.288 GC heap after
{Heap after GC invocations=42 (full 3):
 PSYoungGen      total 20992K, used 1521K [0x00000000eab00000, 0x00000000ec400000, 0x0000000100000000)
  eden space 19456K, 0% used [0x00000000eab00000,0x00000000eab00000,0x00000000ebe00000)
  from space 1536K, 99% used [0x00000000ebe00000,0x00000000ebf7c7f0,0x00000000ebf80000)
  to   space 3072K, 0% used [0x00000000ec100000,0x00000000ec100000,0x00000000ec400000)
 ParOldGen       total 68608K, used 45974K [0x00000000c0000000, 0x00000000c4300000, 0x00000000eab00000)
  object space 68608K, 67% used [0x00000000c0000000,0x00000000c2ce5a18,0x00000000c4300000)
 Metaspace       used 70491K, committed 71808K, reserved 1114112K
  class space    used 7584K, committed 8192K, reserved 1048576K
}
Event: 16.588 GC heap before
{Heap before GC invocations=43 (full 3):
 PSYoungGen      total 20992K, used 20974K [0x00000000eab00000, 0x00000000ec400000, 0x0000000100000000)
  eden space 19456K, 99% used [0x00000000eab00000,0x00000000ebdff3a0,0x00000000ebe00000)
  from space 1536K, 99% used [0x00000000ebe00000,0x00000000ebf7c7f0,0x00000000ebf80000)
  to   space 3072K, 0% used [0x00000000ec100000,0x00000000ec100000,0x00000000ec400000)
 ParOldGen       total 68608K, used 45974K [0x00000000c0000000, 0x00000000c4300000, 0x00000000eab00000)
  object space 68608K, 67% used [0x00000000c0000000,0x00000000c2ce5a18,0x00000000c4300000)
 Metaspace       used 72577K, committed 73792K, reserved 1179648K
  class space    used 7786K, committed 8320K, reserved 1048576K
}
Event: 16.589 GC heap after
{Heap after GC invocations=43 (full 3):
 PSYoungGen      total 22016K, used 2475K [0x00000000eab00000, 0x00000000ec380000, 0x0000000100000000)
  eden space 19456K, 0% used [0x00000000eab00000,0x00000000eab00000,0x00000000ebe00000)
  from space 2560K, 96% used [0x00000000ec100000,0x00000000ec36adc8,0x00000000ec380000)
  to   space 2560K, 0% used [0x00000000ebe80000,0x00000000ebe80000,0x00000000ec100000)
 ParOldGen       total 68608K, used 47418K [0x00000000c0000000, 0x00000000c4300000, 0x00000000eab00000)
  object space 68608K, 69% used [0x00000000c0000000,0x00000000c2e4e920,0x00000000c4300000)
 Metaspace       used 72577K, committed 73792K, reserved 1179648K
  class space    used 7786K, committed 8320K, reserved 1048576K
}
Event: 16.650 GC heap before
{Heap before GC invocations=44 (full 3):
 PSYoungGen      total 22016K, used 20501K [0x00000000eab00000, 0x00000000ec380000, 0x0000000100000000)
  eden space 19456K, 92% used [0x00000000eab00000,0x00000000ebc9a870,0x00000000ebe00000)
  from space 2560K, 96% used [0x00000000ec100000,0x00000000ec36adc8,0x00000000ec380000)
  to   space 2560K, 0% used [0x00000000ebe80000,0x00000000ebe80000,0x00000000ec100000)
 ParOldGen       total 68608K, used 47418K [0x00000000c0000000, 0x00000000c4300000, 0x00000000eab00000)
  object space 68608K, 69% used [0x00000000c0000000,0x00000000c2e4e920,0x00000000c4300000)
 Metaspace       used 73143K, committed 74432K, reserved 1179648K
  class space    used 7849K, committed 8384K, reserved 1048576K
}
Event: 16.652 GC heap after
{Heap after GC invocations=44 (full 3):
 PSYoungGen      total 22016K, used 2535K [0x00000000eab00000, 0x00000000ec800000, 0x0000000100000000)
  eden space 19456K, 0% used [0x00000000eab00000,0x00000000eab00000,0x00000000ebe00000)
  from space 2560K, 99% used [0x00000000ebe80000,0x00000000ec0f9d90,0x00000000ec100000)
  to   space 5120K, 0% used [0x00000000ec300000,0x00000000ec300000,0x00000000ec800000)
 ParOldGen       total 68608K, used 49368K [0x00000000c0000000, 0x00000000c4300000, 0x00000000eab00000)
  object space 68608K, 71% used [0x00000000c0000000,0x00000000c30362b0,0x00000000c4300000)
 Metaspace       used 73143K, committed 74432K, reserved 1179648K
  class space    used 7849K, committed 8384K, reserved 1048576K
}
Event: 16.728 GC heap before
{Heap before GC invocations=45 (full 3):
 PSYoungGen      total 22016K, used 21991K [0x00000000eab00000, 0x00000000ec800000, 0x0000000100000000)
  eden space 19456K, 100% used [0x00000000eab00000,0x00000000ebe00000,0x00000000ebe00000)
  from space 2560K, 99% used [0x00000000ebe80000,0x00000000ec0f9d90,0x00000000ec100000)
  to   space 5120K, 0% used [0x00000000ec300000,0x00000000ec300000,0x00000000ec800000)
 ParOldGen       total 91136K, used 86707K [0x00000000c0000000, 0x00000000c5900000, 0x00000000eab00000)
  object space 91136K, 95% used [0x00000000c0000000,0x00000000c54ace00,0x00000000c5900000)
 Metaspace       used 73180K, committed 74432K, reserved 1179648K
  class space    used 7852K, committed 8384K, reserved 1048576K
}
Event: 16.730 GC heap after
{Heap after GC invocations=45 (full 3):
 PSYoungGen      total 21504K, used 1984K [0x00000000eab00000, 0x00000000ec500000, 0x0000000100000000)
  eden space 19456K, 0% used [0x00000000eab00000,0x00000000eab00000,0x00000000ebe00000)
  from space 2048K, 96% used [0x00000000ec300000,0x00000000ec4f0000,0x00000000ec500000)
  to   space 3072K, 0% used [0x00000000ebf00000,0x00000000ebf00000,0x00000000ec200000)
 ParOldGen       total 91136K, used 86825K [0x00000000c0000000, 0x00000000c5900000, 0x00000000eab00000)
  object space 91136K, 95% used [0x00000000c0000000,0x00000000c54ca780,0x00000000c5900000)
 Metaspace       used 73180K, committed 74432K, reserved 1179648K
  class space    used 7852K, committed 8384K, reserved 1048576K
}
Event: 16.744 GC heap before
{Heap before GC invocations=46 (full 3):
 PSYoungGen      total 21504K, used 21440K [0x00000000eab00000, 0x00000000ec500000, 0x0000000100000000)
  eden space 19456K, 100% used [0x00000000eab00000,0x00000000ebe00000,0x00000000ebe00000)
  from space 2048K, 96% used [0x00000000ec300000,0x00000000ec4f0000,0x00000000ec500000)
  to   space 3072K, 0% used [0x00000000ebf00000,0x00000000ebf00000,0x00000000ec200000)
 ParOldGen       total 91136K, used 86825K [0x00000000c0000000, 0x00000000c5900000, 0x00000000eab00000)
  object space 91136K, 95% used [0x00000000c0000000,0x00000000c54ca780,0x00000000c5900000)
 Metaspace       used 73187K, committed 74432K, reserved 1179648K
  class space    used 7852K, committed 8384K, reserved 1048576K
}
Event: 16.747 GC heap after
{Heap after GC invocations=46 (full 3):
 PSYoungGen      total 22528K, used 3040K [0x00000000eab00000, 0x00000000ecc00000, 0x0000000100000000)
  eden space 19456K, 0% used [0x00000000eab00000,0x00000000eab00000,0x00000000ebe00000)
  from space 3072K, 98% used [0x00000000ebf00000,0x00000000ec1f8020,0x00000000ec200000)
  to   space 7168K, 0% used [0x00000000ec500000,0x00000000ec500000,0x00000000ecc00000)
 ParOldGen       total 91136K, used 89913K [0x00000000c0000000, 0x00000000c5900000, 0x00000000eab00000)
  object space 91136K, 98% used [0x00000000c0000000,0x00000000c57ce780,0x00000000c5900000)
 Metaspace       used 73187K, committed 74432K, reserved 1179648K
  class space    used 7852K, committed 8384K, reserved 1048576K
}
Event: 16.761 GC heap before
{Heap before GC invocations=47 (full 4):
 PSYoungGen      total 22528K, used 22496K [0x00000000eab00000, 0x00000000ecc00000, 0x0000000100000000)
  eden space 19456K, 100% used [0x00000000eab00000,0x00000000ebe00000,0x00000000ebe00000)
  from space 3072K, 98% used [0x00000000ebf00000,0x00000000ec1f8020,0x00000000ec200000)
  to   space 7168K, 0% used [0x00000000ec500000,0x00000000ec500000,0x00000000ecc00000)
 ParOldGen       total 91136K, used 89913K [0x00000000c0000000, 0x00000000c5900000, 0x00000000eab00000)
  object space 91136K, 98% used [0x00000000c0000000,0x00000000c57ce780,0x00000000c5900000)
 Metaspace       used 73198K, committed 74496K, reserved 1179648K
  class space    used 7853K, committed 8384K, reserved 1048576K
}
Event: 16.808 GC heap after
{Heap after GC invocations=47 (full 4):
 PSYoungGen      total 26624K, used 0K [0x00000000eab00000, 0x00000000ecc00000, 0x0000000100000000)
  eden space 19456K, 0% used [0x00000000eab00000,0x00000000eab00000,0x00000000ebe00000)
  from space 7168K, 0% used [0x00000000ec500000,0x00000000ec500000,0x00000000ecc00000)
  to   space 7168K, 0% used [0x00000000ebe00000,0x00000000ebe00000,0x00000000ec500000)
 ParOldGen       total 91136K, used 62124K [0x00000000c0000000, 0x00000000c5900000, 0x00000000eab00000)
  object space 91136K, 68% used [0x00000000c0000000,0x00000000c3cab150,0x00000000c5900000)
 Metaspace       used 73191K, committed 74496K, reserved 1179648K
  class space    used 7851K, committed 8384K, reserved 1048576K
}
Event: 16.825 GC heap before
{Heap before GC invocations=48 (full 4):
 PSYoungGen      total 26624K, used 19456K [0x00000000eab00000, 0x00000000ecc00000, 0x0000000100000000)
  eden space 19456K, 100% used [0x00000000eab00000,0x00000000ebe00000,0x00000000ebe00000)
  from space 7168K, 0% used [0x00000000ec500000,0x00000000ec500000,0x00000000ecc00000)
  to   space 7168K, 0% used [0x00000000ebe00000,0x00000000ebe00000,0x00000000ec500000)
 ParOldGen       total 91136K, used 62126K [0x00000000c0000000, 0x00000000c5900000, 0x00000000eab00000)
  object space 91136K, 68% used [0x00000000c0000000,0x00000000c3cab9f8,0x00000000c5900000)
 Metaspace       used 73400K, committed 74688K, reserved 1179648K
  class space    used 7868K, committed 8448K, reserved 1048576K
}
Event: 16.828 GC heap after
{Heap after GC invocations=48 (full 4):
 PSYoungGen      total 26624K, used 7149K [0x00000000eab00000, 0x00000000ece00000, 0x0000000100000000)
  eden space 19456K, 0% used [0x00000000eab00000,0x00000000eab00000,0x00000000ebe00000)
  from space 7168K, 99% used [0x00000000ebe00000,0x00000000ec4fb460,0x00000000ec500000)
  to   space 8192K, 0% used [0x00000000ec600000,0x00000000ec600000,0x00000000ece00000)
 ParOldGen       total 91136K, used 62526K [0x00000000c0000000, 0x00000000c5900000, 0x00000000eab00000)
  object space 91136K, 68% used [0x00000000c0000000,0x00000000c3d0f9f8,0x00000000c5900000)
 Metaspace       used 73400K, committed 74688K, reserved 1179648K
  class space    used 7868K, committed 8448K, reserved 1048576K
}
Event: 16.842 GC heap before
{Heap before GC invocations=49 (full 4):
 PSYoungGen      total 26624K, used 26605K [0x00000000eab00000, 0x00000000ece00000, 0x0000000100000000)
  eden space 19456K, 100% used [0x00000000eab00000,0x00000000ebe00000,0x00000000ebe00000)
  from space 7168K, 99% used [0x00000000ebe00000,0x00000000ec4fb460,0x00000000ec500000)
  to   space 8192K, 0% used [0x00000000ec600000,0x00000000ec600000,0x00000000ece00000)
 ParOldGen       total 91136K, used 62526K [0x00000000c0000000, 0x00000000c5900000, 0x00000000eab00000)
  object space 91136K, 68% used [0x00000000c0000000,0x00000000c3d0f9f8,0x00000000c5900000)
 Metaspace       used 73593K, committed 74880K, reserved 1179648K
  class space    used 7878K, committed 8448K, reserved 1048576K
}

Dll operation events (14 events):
Event: 0.007 Loaded shared library c:\Users\Aluno\.vscode\extensions\redhat.java-1.36.0-win32-x64\jre\17.0.13-win32-x86_64\bin\java.dll
Event: 0.122 Loaded shared library c:\Users\Aluno\.vscode\extensions\redhat.java-1.36.0-win32-x64\jre\17.0.13-win32-x86_64\bin\zip.dll
Event: 0.125 Loaded shared library C:\Users\Aluno\.vscode\extensions\redhat.java-1.36.0-win32-x64\jre\17.0.13-win32-x86_64\bin\instrument.dll
Event: 0.135 Loaded shared library C:\Users\Aluno\.vscode\extensions\redhat.java-1.36.0-win32-x64\jre\17.0.13-win32-x86_64\bin\net.dll
Event: 0.136 Loaded shared library C:\Users\Aluno\.vscode\extensions\redhat.java-1.36.0-win32-x64\jre\17.0.13-win32-x86_64\bin\nio.dll
Event: 0.142 Loaded shared library C:\Users\Aluno\.vscode\extensions\redhat.java-1.36.0-win32-x64\jre\17.0.13-win32-x86_64\bin\zip.dll
Event: 0.156 Loaded shared library C:\Users\Aluno\.vscode\extensions\redhat.java-1.36.0-win32-x64\jre\17.0.13-win32-x86_64\bin\jimage.dll
Event: 0.202 Loaded shared library c:\Users\Aluno\.vscode\extensions\redhat.java-1.36.0-win32-x64\jre\17.0.13-win32-x86_64\bin\verify.dll
Event: 2.915 Loaded shared library C:\Users\Aluno\AppData\Roaming\Code\User\globalStorage\redhat.java\1.36.0\config_win\org.eclipse.equinox.launcher\org.eclipse.equinox.launcher.win32.win32.x86_64_1.2.1100.v20240722-2106\eclipse_11904.dll
Event: 7.031 Loaded shared library C:\Users\Aluno\.vscode\extensions\redhat.java-1.36.0-win32-x64\jre\17.0.13-win32-x86_64\bin\management.dll
Event: 7.032 Loaded shared library C:\Users\Aluno\.vscode\extensions\redhat.java-1.36.0-win32-x64\jre\17.0.13-win32-x86_64\bin\management_ext.dll
Event: 7.768 Loaded shared library C:\Users\Aluno\AppData\Local\Temp\jna-63362251\jna3127192204026803852.dll
Event: 8.811 Loaded shared library C:\Users\Aluno\.vscode\extensions\redhat.java-1.36.0-win32-x64\jre\17.0.13-win32-x86_64\bin\sunmscapi.dll
Event: 9.047 Loaded shared library C:\Users\Aluno\.vscode\extensions\redhat.java-1.36.0-win32-x64\jre\17.0.13-win32-x86_64\bin\extnet.dll

Deoptimization events (20 events):
Event: 16.742 Thread 0x000001f80ffd56e0 DEOPT PACKING pc=0x000001f8012d0e9c sp=0x0000000cc64fd7a0
Event: 16.742 Thread 0x000001f80ffd56e0 DEOPT UNPACKING pc=0x000001f807586e43 sp=0x0000000cc64fcd20 mode 0
Event: 16.819 Thread 0x000001f80ffd05e0 DEOPT PACKING pc=0x000001f8012d0e9c sp=0x0000000cc63fe080
Event: 16.819 Thread 0x000001f80ffd05e0 DEOPT UNPACKING pc=0x000001f807586e43 sp=0x0000000cc63fd600 mode 0
Event: 16.822 Thread 0x000001f80ffd05e0 Uncommon trap: trap_request=0xffffff45 fr.pc=0x000001f807ed7fcc relative=0x000000000000042c
Event: 16.822 Thread 0x000001f80ffd05e0 Uncommon trap: reason=unstable_if action=reinterpret pc=0x000001f807ed7fcc method=java.lang.Module.getLayer()Ljava/lang/ModuleLayer; @ 13 c2
Event: 16.822 Thread 0x000001f80ffd05e0 DEOPT PACKING pc=0x000001f807ed7fcc sp=0x0000000cc63fdcb0
Event: 16.822 Thread 0x000001f80ffd05e0 DEOPT UNPACKING pc=0x000001f8075866a3 sp=0x0000000cc63fdb70 mode 2
Event: 16.823 Thread 0x000001f80ffd05e0 Uncommon trap: trap_request=0xffffff45 fr.pc=0x000001f807e2c1f4 relative=0x00000000000002f4
Event: 16.823 Thread 0x000001f80ffd05e0 Uncommon trap: reason=unstable_if action=reinterpret pc=0x000001f807e2c1f4 method=java.lang.StringCoding.implEncodeAsciiArray([CI[BII)I @ 23 c2
Event: 16.823 Thread 0x000001f80ffd05e0 DEOPT PACKING pc=0x000001f807e2c1f4 sp=0x0000000cc63fdbc0
Event: 16.823 Thread 0x000001f80ffd05e0 DEOPT UNPACKING pc=0x000001f8075866a3 sp=0x0000000cc63fdb40 mode 2
Event: 16.832 Thread 0x000001f810473900 Uncommon trap: trap_request=0xffffff45 fr.pc=0x000001f807e203d4 relative=0x00000000000003b4
Event: 16.832 Thread 0x000001f810473900 Uncommon trap: reason=unstable_if action=reinterpret pc=0x000001f807e203d4 method=com.google.gson.stream.JsonReader.isLiteral(C)Z @ 1 c2
Event: 16.832 Thread 0x000001f810473900 DEOPT PACKING pc=0x000001f807e203d4 sp=0x0000000cc5bfeba0
Event: 16.832 Thread 0x000001f810473900 DEOPT UNPACKING pc=0x000001f8075866a3 sp=0x0000000cc5bfea58 mode 2
Event: 16.834 Thread 0x000001f80ffd6100 Uncommon trap: trap_request=0xffffff45 fr.pc=0x000001f807ae0480 relative=0x0000000000000080
Event: 16.834 Thread 0x000001f80ffd6100 Uncommon trap: reason=unstable_if action=reinterpret pc=0x000001f807ae0480 method=org.eclipse.jdt.internal.compiler.parser.Scanner.addTokenToLookBack(I)V @ 1 c2
Event: 16.834 Thread 0x000001f80ffd6100 DEOPT PACKING pc=0x000001f807ae0480 sp=0x0000000cc61fee60
Event: 16.834 Thread 0x000001f80ffd6100 DEOPT UNPACKING pc=0x000001f8075866a3 sp=0x0000000cc61fedf0 mode 2

Classes loaded (20 events):
Event: 16.422 Loading class org/xml/sax/SAXNotSupportedException
Event: 16.422 Loading class org/xml/sax/SAXNotSupportedException done
Event: 16.423 Loading class com/sun/org/apache/xerces/internal/util/URI
Event: 16.424 Loading class com/sun/org/apache/xerces/internal/util/URI done
Event: 16.424 Loading class com/sun/org/apache/xerces/internal/xni/XNIException
Event: 16.424 Loading class com/sun/org/apache/xerces/internal/xni/XNIException done
Event: 16.425 Loading class com/sun/org/apache/xerces/internal/xni/parser/XMLParseException
Event: 16.425 Loading class com/sun/org/apache/xerces/internal/xni/parser/XMLParseException done
Event: 16.611 Loading class java/lang/Throwable$WrappedPrintWriter
Event: 16.611 Loading class java/lang/Throwable$PrintStreamOrWriter
Event: 16.611 Loading class java/lang/Throwable$PrintStreamOrWriter done
Event: 16.611 Loading class java/lang/Throwable$WrappedPrintWriter done
Event: 16.614 Loading class jdk/internal/event/SecurityPropertyModificationEvent
Event: 16.614 Loading class jdk/internal/event/SecurityPropertyModificationEvent done
Event: 16.647 Loading class java/util/zip/CheckedInputStream
Event: 16.647 Loading class java/util/zip/CheckedInputStream done
Event: 16.708 Loading class java/util/zip/GZIPInputStream$1
Event: 16.708 Loading class java/util/zip/GZIPInputStream$1 done
Event: 16.832 Loading class java/util/regex/Pattern$1
Event: 16.832 Loading class java/util/regex/Pattern$1 done

Classes unloaded (11 events):
Event: 7.709 Thread 0x000001f87d7b24c0 Unloading class 0x000000010025a000 'java/lang/invoke/LambdaForm$MH+0x000000010025a000'
Event: 7.709 Thread 0x000001f87d7b24c0 Unloading class 0x0000000100259c00 'java/lang/invoke/LambdaForm$MH+0x0000000100259c00'
Event: 7.709 Thread 0x000001f87d7b24c0 Unloading class 0x0000000100259800 'java/lang/invoke/LambdaForm$MH+0x0000000100259800'
Event: 7.709 Thread 0x000001f87d7b24c0 Unloading class 0x0000000100259400 'java/lang/invoke/LambdaForm$MH+0x0000000100259400'
Event: 7.709 Thread 0x000001f87d7b24c0 Unloading class 0x0000000100259000 'java/lang/invoke/LambdaForm$BMH+0x0000000100259000'
Event: 7.709 Thread 0x000001f87d7b24c0 Unloading class 0x0000000100258c00 'java/lang/invoke/LambdaForm$DMH+0x0000000100258c00'
Event: 7.709 Thread 0x000001f87d7b24c0 Unloading class 0x0000000100254400 'java/lang/invoke/LambdaForm$DMH+0x0000000100254400'
Event: 16.772 Thread 0x000001f87d7b24c0 Unloading class 0x00000001006bd800 'java/lang/invoke/LambdaForm$DMH+0x00000001006bd800'
Event: 16.772 Thread 0x000001f87d7b24c0 Unloading class 0x00000001006bd400 'java/lang/invoke/LambdaForm$DMH+0x00000001006bd400'
Event: 16.772 Thread 0x000001f87d7b24c0 Unloading class 0x00000001006bd000 'java/lang/invoke/LambdaForm$DMH+0x00000001006bd000'
Event: 16.772 Thread 0x000001f87d7b24c0 Unloading class 0x00000001006bcc00 'java/lang/invoke/LambdaForm$DMH+0x00000001006bcc00'

Classes redefined (0 events):
No events

Internal exceptions (20 events):
Event: 16.570 Thread 0x000001f80ffd3d90 Exception <a 'sun/nio/fs/WindowsException'{0x00000000ebad8638}> (0x00000000ebad8638) 
thrown [s\src\hotspot\share\prims\jni.cpp, line 516]
Event: 16.570 Thread 0x000001f80ffd3d90 Exception <a 'sun/nio/fs/WindowsException'{0x00000000ebad8c70}> (0x00000000ebad8c70) 
thrown [s\src\hotspot\share\prims\jni.cpp, line 516]
Event: 16.570 Thread 0x000001f80ffd3d90 Exception <a 'sun/nio/fs/WindowsException'{0x00000000ebad9a20}> (0x00000000ebad9a20) 
thrown [s\src\hotspot\share\prims\jni.cpp, line 516]
Event: 16.570 Thread 0x000001f80ffd3d90 Exception <a 'sun/nio/fs/WindowsException'{0x00000000ebada058}> (0x00000000ebada058) 
thrown [s\src\hotspot\share\prims\jni.cpp, line 516]
Event: 16.571 Thread 0x000001f80ffd3d90 Exception <a 'java/io/FileNotFoundException'{0x00000000ebaf1768}> (0x00000000ebaf1768) 
thrown [s\src\hotspot\share\prims\jni.cpp, line 516]
Event: 16.572 Thread 0x000001f80ffd3d90 Exception <a 'java/io/FileNotFoundException'{0x00000000ebaf25a8}> (0x00000000ebaf25a8) 
thrown [s\src\hotspot\share\prims\jni.cpp, line 516]
Event: 16.574 Thread 0x000001f80ffd3d90 Exception <a 'sun/nio/fs/WindowsException'{0x00000000ebb2c888}> (0x00000000ebb2c888) 
thrown [s\src\hotspot\share\prims\jni.cpp, line 516]
Event: 16.574 Thread 0x000001f80ffd3d90 Exception <a 'sun/nio/fs/WindowsException'{0x00000000ebb2cec0}> (0x00000000ebb2cec0) 
thrown [s\src\hotspot\share\prims\jni.cpp, line 516]
Event: 16.582 Thread 0x000001f80ffd3d90 Exception <a 'sun/nio/fs/WindowsException'{0x00000000ebbf0b08}> (0x00000000ebbf0b08) 
thrown [s\src\hotspot\share\prims\jni.cpp, line 516]
Event: 16.582 Thread 0x000001f80ffd3d90 Exception <a 'sun/nio/fs/WindowsException'{0x00000000ebbf13e8}> (0x00000000ebbf13e8) 
thrown [s\src\hotspot\share\prims\jni.cpp, line 516]
Event: 16.724 Thread 0x000001f80ffd56e0 Exception <a 'sun/nio/fs/WindowsException'{0x00000000ebb7e168}> (0x00000000ebb7e168) 
thrown [s\src\hotspot\share\prims\jni.cpp, line 516]
Event: 16.724 Thread 0x000001f80ffd56e0 Exception <a 'sun/nio/fs/WindowsException'{0x00000000ebb7ea48}> (0x00000000ebb7ea48) 
thrown [s\src\hotspot\share\prims\jni.cpp, line 516]
Event: 16.724 Thread 0x000001f80ffd56e0 Exception <a 'sun/nio/fs/WindowsException'{0x00000000ebb7f7c0}> (0x00000000ebb7f7c0) 
thrown [s\src\hotspot\share\prims\jni.cpp, line 516]
Event: 16.724 Thread 0x000001f80ffd56e0 Exception <a 'sun/nio/fs/WindowsException'{0x00000000ebb800a0}> (0x00000000ebb800a0) 
thrown [s\src\hotspot\share\prims\jni.cpp, line 516]
Event: 16.725 Thread 0x000001f80ffd56e0 Exception <a 'sun/nio/fs/WindowsException'{0x00000000ebb818a8}> (0x00000000ebb818a8) 
thrown [s\src\hotspot\share\prims\jni.cpp, line 516]
Event: 16.725 Thread 0x000001f80ffd56e0 Exception <a 'sun/nio/fs/WindowsException'{0x00000000ebbf20b0}> (0x00000000ebbf20b0) 
thrown [s\src\hotspot\share\prims\jni.cpp, line 516]
Event: 16.727 Thread 0x000001f80ffd56e0 Exception <a 'sun/nio/fs/WindowsException'{0x00000000ebd04490}> (0x00000000ebd04490) 
thrown [s\src\hotspot\share\prims\jni.cpp, line 516]
Event: 16.727 Thread 0x000001f80ffd56e0 Exception <a 'sun/nio/fs/WindowsException'{0x00000000ebd04d70}> (0x00000000ebd04d70) 
thrown [s\src\hotspot\share\prims\jni.cpp, line 516]
Event: 16.814 Thread 0x000001f87f0b1eb0 Exception <a 'java/lang/NoSuchMethodError'{0x00000000eb12a860}: 'java.lang.Object java.lang.invoke.DirectMethodHandle$Holder.invokeSpecial(java.lang.Object, java.lang.Object, int, long)'> (0x00000000eb12a860) 
thrown [s\src\hotspot\share\interpreter\linkResolver.cpp, line 759]
Event: 16.834 Thread 0x000001f80ffd6100 Exception <a 'java/lang/ArrayIndexOutOfBoundsException'{0x00000000eb369b28}> (0x00000000eb369b28) 
thrown [s\src\hotspot\share\runtime\sharedRuntime.cpp, line 631]

VM Operations (20 events):
Event: 16.425 Executing VM operation: HandshakeAllThreads done
Event: 16.585 Executing VM operation: ICBufferFull
Event: 16.585 Executing VM operation: ICBufferFull done
Event: 16.587 Executing VM operation: ParallelGCFailedAllocation
Event: 16.589 Executing VM operation: ParallelGCFailedAllocation done
Event: 16.650 Executing VM operation: ParallelGCFailedAllocation
Event: 16.652 Executing VM operation: ParallelGCFailedAllocation done
Event: 16.720 Executing VM operation: HandshakeAllThreads
Event: 16.720 Executing VM operation: HandshakeAllThreads done
Event: 16.728 Executing VM operation: ParallelGCFailedAllocation
Event: 16.730 Executing VM operation: ParallelGCFailedAllocation done
Event: 16.744 Executing VM operation: ParallelGCFailedAllocation
Event: 16.747 Executing VM operation: ParallelGCFailedAllocation done
Event: 16.761 Executing VM operation: ParallelGCFailedAllocation
Event: 16.808 Executing VM operation: ParallelGCFailedAllocation done
Event: 16.825 Executing VM operation: ParallelGCFailedAllocation
Event: 16.825 Executing VM operation: ParallelGCFailedAllocation done
Event: 16.825 Executing VM operation: ParallelGCFailedAllocation
Event: 16.828 Executing VM operation: ParallelGCFailedAllocation done
Event: 16.842 Executing VM operation: ParallelGCFailedAllocation

Memory protections (0 events):
No events

Nmethod flushes (20 events):
Event: 13.643 Thread 0x000001f87d8470f0 flushing  nmethod 0x000001f800dba190
Event: 13.643 Thread 0x000001f87d8470f0 flushing  nmethod 0x000001f800e17590
Event: 13.643 Thread 0x000001f87d8470f0 flushing  nmethod 0x000001f800e39d90
Event: 13.644 Thread 0x000001f87d8470f0 flushing  nmethod 0x000001f800e58410
Event: 13.644 Thread 0x000001f87d8470f0 flushing  nmethod 0x000001f800e6e610
Event: 13.644 Thread 0x000001f87d8470f0 flushing  nmethod 0x000001f800f81e10
Event: 13.644 Thread 0x000001f87d8470f0 flushing  nmethod 0x000001f800f82e90
Event: 13.644 Thread 0x000001f87d8470f0 flushing  nmethod 0x000001f800f83310
Event: 13.644 Thread 0x000001f87d8470f0 flushing  nmethod 0x000001f800f8a510
Event: 13.644 Thread 0x000001f87d8470f0 flushing  nmethod 0x000001f800fa7e10
Event: 13.644 Thread 0x000001f87d8470f0 flushing  nmethod 0x000001f800faa010
Event: 13.644 Thread 0x000001f87d8470f0 flushing  nmethod 0x000001f800fd0310
Event: 13.644 Thread 0x000001f87d8470f0 flushing  nmethod 0x000001f800fd0790
Event: 13.644 Thread 0x000001f87d8470f0 flushing  nmethod 0x000001f800fe9410
Event: 13.644 Thread 0x000001f87d8470f0 flushing  nmethod 0x000001f800ff6790
Event: 13.644 Thread 0x000001f87d8470f0 flushing  nmethod 0x000001f800ff9210
Event: 13.645 Thread 0x000001f87d8470f0 flushing  nmethod 0x000001f80108e790
Event: 13.645 Thread 0x000001f87d8470f0 flushing  nmethod 0x000001f8010c9790
Event: 13.645 Thread 0x000001f87d8470f0 flushing  nmethod 0x000001f80113da90
Event: 16.401 Thread 0x000001f87d8470f0 flushing osr nmethod 0x000001f8006f1c90

Events (20 events):
Event: 12.968 Thread 0x000001f811524550 Thread exited: 0x000001f811524550
Event: 13.063 Thread 0x000001f81046f220 Thread added: 0x000001f80ffd3d90
Event: 13.251 Thread 0x000001f87d833800 Thread added: 0x000001f811524ff0
Event: 13.400 Thread 0x000001f87d833800 Thread added: 0x000001f811524550
Event: 14.075 Thread 0x000001f811524550 Thread exited: 0x000001f811524550
Event: 14.288 Thread 0x000001f811524ff0 Thread exited: 0x000001f811524ff0
Event: 15.760 Thread 0x000001f87d833800 Thread added: 0x000001f811524ff0
Event: 15.769 Thread 0x000001f87d833800 Thread added: 0x000001f811524550
Event: 16.213 Thread 0x000001f81046f220 Thread added: 0x000001f80ffd42a0
Event: 16.214 Thread 0x000001f810473900 Thread added: 0x000001f80ffd6100
Event: 16.215 Thread 0x000001f810473900 Thread added: 0x000001f80ffd1000
Event: 16.215 Thread 0x000001f810473900 Thread added: 0x000001f80ffd05e0
Event: 16.215 Thread 0x000001f80ffd05e0 Thread added: 0x000001f80ffd56e0
Event: 16.215 Thread 0x000001f810473900 Thread added: 0x000001f80ffd6610
Event: 16.216 Thread 0x000001f80ffd42a0 Thread exited: 0x000001f80ffd42a0
Event: 16.216 Thread 0x000001f80ffd6610 Thread added: 0x000001f80ffd5bf0
Event: 16.217 Thread 0x000001f80ffd5bf0 Thread added: 0x000001f80ffd6b20
Event: 16.369 Thread 0x000001f87f0b1eb0 Thread added: 0x000001f80ffd51d0
Event: 16.579 Thread 0x000001f80ffd3d90 Thread added: 0x000001f80ffd42a0
Event: 16.617 Thread 0x000001f80ffd56e0 Thread added: 0x000001f80ffd47b0


Dynamic libraries:
0x00007ff777920000 - 0x00007ff77792e000 	c:\Users\Aluno\.vscode\extensions\redhat.java-1.36.0-win32-x64\jre\17.0.13-win32-x86_64\bin\java.exe
0x00007ffb90950000 - 0x00007ffb90b67000 	C:\WINDOWS\SYSTEM32\ntdll.dll
0x00007ffb8f390000 - 0x00007ffb8f454000 	C:\WINDOWS\System32\KERNEL32.DLL
0x00007ffb8df10000 - 0x00007ffb8e2c7000 	C:\WINDOWS\System32\KERNELBASE.dll
0x00007ffb88f50000 - 0x00007ffb88fe7000 	C:\WINDOWS\SYSTEM32\apphelp.dll
0x00007ffb8e490000 - 0x00007ffb8e5a1000 	C:\WINDOWS\System32\ucrtbase.dll
0x00007ffb83760000 - 0x00007ffb83777000 	c:\Users\Aluno\.vscode\extensions\redhat.java-1.36.0-win32-x64\jre\17.0.13-win32-x86_64\bin\jli.dll
0x00007ffb7ee20000 - 0x00007ffb7ee3e000 	c:\Users\Aluno\.vscode\extensions\redhat.java-1.36.0-win32-x64\jre\17.0.13-win32-x86_64\bin\VCRUNTIME140.dll
0x00007ffb90690000 - 0x00007ffb9083f000 	C:\WINDOWS\System32\USER32.dll
0x00007ffb8e5b0000 - 0x00007ffb8e5d6000 	C:\WINDOWS\System32\win32u.dll
0x00007ffb8fc90000 - 0x00007ffb8fcb9000 	C:\WINDOWS\System32\GDI32.dll
0x00007ffb8e370000 - 0x00007ffb8e488000 	C:\WINDOWS\System32\gdi32full.dll
0x00007ffb8e5e0000 - 0x00007ffb8e67a000 	C:\WINDOWS\System32\msvcp_win.dll
0x00007ffb5c4e0000 - 0x00007ffb5c773000 	C:\WINDOWS\WinSxS\amd64_microsoft.windows.common-controls_6595b64144ccf1df_6.0.22621.3672_none_2713b9d173822955\COMCTL32.dll
0x00007ffb8fd70000 - 0x00007ffb8fe17000 	C:\WINDOWS\System32\msvcrt.dll
0x00007ffb8e820000 - 0x00007ffb8e851000 	C:\WINDOWS\System32\IMM32.DLL
0x00007ffb85a80000 - 0x00007ffb85a8c000 	c:\Users\Aluno\.vscode\extensions\redhat.java-1.36.0-win32-x64\jre\17.0.13-win32-x86_64\bin\vcruntime140_1.dll
0x00007ffb59c00000 - 0x00007ffb59c8d000 	c:\Users\Aluno\.vscode\extensions\redhat.java-1.36.0-win32-x64\jre\17.0.13-win32-x86_64\bin\msvcp140.dll
0x00007ffb2aa40000 - 0x00007ffb2b6ab000 	c:\Users\Aluno\.vscode\extensions\redhat.java-1.36.0-win32-x64\jre\17.0.13-win32-x86_64\bin\server\jvm.dll
0x00007ffb8f650000 - 0x00007ffb8f702000 	C:\WINDOWS\System32\ADVAPI32.dll
0x00007ffb8e770000 - 0x00007ffb8e818000 	C:\WINDOWS\System32\sechost.dll
0x00007ffb8e2d0000 - 0x00007ffb8e2f8000 	C:\WINDOWS\System32\bcrypt.dll
0x00007ffb8fb00000 - 0x00007ffb8fc14000 	C:\WINDOWS\System32\RPCRT4.dll
0x00007ffb8f460000 - 0x00007ffb8f4d1000 	C:\WINDOWS\System32\WS2_32.dll
0x00007ffb8cff0000 - 0x00007ffb8d03d000 	C:\WINDOWS\SYSTEM32\POWRPROF.dll
0x00007ffb81070000 - 0x00007ffb810a4000 	C:\WINDOWS\SYSTEM32\WINMM.dll
0x00007ffb7f360000 - 0x00007ffb7f36a000 	C:\WINDOWS\SYSTEM32\VERSION.dll
0x00007ffb8cf50000 - 0x00007ffb8cf63000 	C:\WINDOWS\SYSTEM32\UMPDC.dll
0x00007ffb8cce0000 - 0x00007ffb8ccf8000 	C:\WINDOWS\SYSTEM32\kernel.appcore.dll
0x00007ffb83800000 - 0x00007ffb8380a000 	c:\Users\Aluno\.vscode\extensions\redhat.java-1.36.0-win32-x64\jre\17.0.13-win32-x86_64\bin\jimage.dll
0x00007ffb8b200000 - 0x00007ffb8b432000 	C:\WINDOWS\SYSTEM32\DBGHELP.DLL
0x00007ffb8eff0000 - 0x00007ffb8f37e000 	C:\WINDOWS\System32\combase.dll
0x00007ffb8fa20000 - 0x00007ffb8faf7000 	C:\WINDOWS\System32\OLEAUT32.dll
0x00007ffb76b50000 - 0x00007ffb76b82000 	C:\WINDOWS\SYSTEM32\dbgcore.DLL
0x00007ffb8de90000 - 0x00007ffb8df0b000 	C:\WINDOWS\System32\bcryptPrimitives.dll
0x00007ffb83750000 - 0x00007ffb8375e000 	c:\Users\Aluno\.vscode\extensions\redhat.java-1.36.0-win32-x64\jre\17.0.13-win32-x86_64\bin\instrument.dll
0x00007ffb7edf0000 - 0x00007ffb7ee15000 	c:\Users\Aluno\.vscode\extensions\redhat.java-1.36.0-win32-x64\jre\17.0.13-win32-x86_64\bin\java.dll
0x00007ffb7edd0000 - 0x00007ffb7ede8000 	c:\Users\Aluno\.vscode\extensions\redhat.java-1.36.0-win32-x64\jre\17.0.13-win32-x86_64\bin\zip.dll
0x00007ffb8fe20000 - 0x00007ffb90689000 	C:\WINDOWS\System32\SHELL32.dll
0x00007ffb8bb80000 - 0x00007ffb8c47f000 	C:\WINDOWS\SYSTEM32\windows.storage.dll
0x00007ffb8ba40000 - 0x00007ffb8bb7f000 	C:\WINDOWS\SYSTEM32\wintypes.dll
0x00007ffb8e860000 - 0x00007ffb8e959000 	C:\WINDOWS\System32\SHCORE.dll
0x00007ffb8f9c0000 - 0x00007ffb8fa1e000 	C:\WINDOWS\System32\shlwapi.dll
0x00007ffb8db90000 - 0x00007ffb8dbb7000 	C:\WINDOWS\SYSTEM32\profapi.dll
0x00007ffb7edb0000 - 0x00007ffb7edc9000 	C:\Users\Aluno\.vscode\extensions\redhat.java-1.36.0-win32-x64\jre\17.0.13-win32-x86_64\bin\net.dll
0x00007ffb89450000 - 0x00007ffb89586000 	C:\WINDOWS\SYSTEM32\WINHTTP.dll
0x00007ffb8d1c0000 - 0x00007ffb8d229000 	C:\WINDOWS\system32\mswsock.dll
0x00007ffb7e9b0000 - 0x00007ffb7e9c6000 	C:\Users\Aluno\.vscode\extensions\redhat.java-1.36.0-win32-x64\jre\17.0.13-win32-x86_64\bin\nio.dll
0x00007ffb82c20000 - 0x00007ffb82c30000 	c:\Users\Aluno\.vscode\extensions\redhat.java-1.36.0-win32-x64\jre\17.0.13-win32-x86_64\bin\verify.dll
0x00007ffb7d910000 - 0x00007ffb7d955000 	C:\Users\Aluno\AppData\Roaming\Code\User\globalStorage\redhat.java\1.36.0\config_win\org.eclipse.equinox.launcher\org.eclipse.equinox.launcher.win32.win32.x86_64_1.2.1100.v20240722-2106\eclipse_11904.dll
0x00007ffb8f710000 - 0x00007ffb8f8b5000 	C:\WINDOWS\System32\ole32.dll
0x00007ffb82ad0000 - 0x00007ffb82ada000 	C:\Users\Aluno\.vscode\extensions\redhat.java-1.36.0-win32-x64\jre\17.0.13-win32-x86_64\bin\management.dll
0x00007ffb7fff0000 - 0x00007ffb7fffb000 	C:\Users\Aluno\.vscode\extensions\redhat.java-1.36.0-win32-x64\jre\17.0.13-win32-x86_64\bin\management_ext.dll
0x00007ffb8efa0000 - 0x00007ffb8efa8000 	C:\WINDOWS\System32\PSAPI.DLL
0x00007ffb8d510000 - 0x00007ffb8d52b000 	C:\WINDOWS\SYSTEM32\CRYPTSP.dll
0x00007ffb8cbd0000 - 0x00007ffb8cc05000 	C:\WINDOWS\system32\rsaenh.dll
0x00007ffb8d260000 - 0x00007ffb8d288000 	C:\WINDOWS\SYSTEM32\USERENV.dll
0x00007ffb8d4f0000 - 0x00007ffb8d4fc000 	C:\WINDOWS\SYSTEM32\CRYPTBASE.dll
0x00007ffb8c720000 - 0x00007ffb8c74d000 	C:\WINDOWS\SYSTEM32\IPHLPAPI.DLL
0x00007ffb8f4e0000 - 0x00007ffb8f4e9000 	C:\WINDOWS\System32\NSI.dll
0x00007ffb892b0000 - 0x00007ffb892c9000 	C:\WINDOWS\SYSTEM32\dhcpcsvc6.DLL
0x00007ffb89290000 - 0x00007ffb892af000 	C:\WINDOWS\SYSTEM32\dhcpcsvc.DLL
0x00007ffb8c750000 - 0x00007ffb8c852000 	C:\WINDOWS\SYSTEM32\DNSAPI.dll
0x00007ffb7e480000 - 0x00007ffb7e4c9000 	C:\Users\Aluno\AppData\Local\Temp\jna-63362251\jna3127192204026803852.dll
0x00007ffb7fdc0000 - 0x00007ffb7fdce000 	C:\Users\Aluno\.vscode\extensions\redhat.java-1.36.0-win32-x64\jre\17.0.13-win32-x86_64\bin\sunmscapi.dll
0x00007ffb8dd20000 - 0x00007ffb8de86000 	C:\WINDOWS\System32\CRYPT32.dll
0x00007ffb8d600000 - 0x00007ffb8d62d000 	C:\WINDOWS\SYSTEM32\ncrypt.dll
0x00007ffb8d5c0000 - 0x00007ffb8d5f7000 	C:\WINDOWS\SYSTEM32\NTASN1.dll
0x00007ffb84e00000 - 0x00007ffb84e0a000 	C:\Windows\System32\rasadhlp.dll
0x00007ffb86870000 - 0x00007ffb868f3000 	C:\WINDOWS\System32\fwpuclnt.dll
0x00007ffb7e9a0000 - 0x00007ffb7e9a9000 	C:\Users\Aluno\.vscode\extensions\redhat.java-1.36.0-win32-x64\jre\17.0.13-win32-x86_64\bin\extnet.dll

dbghelp: loaded successfully - version: 4.0.5 - missing functions: none
symbol engine: initialized successfully - sym options: 0x614 - pdb path: .;c:\Users\Aluno\.vscode\extensions\redhat.java-1.36.0-win32-x64\jre\17.0.13-win32-x86_64\bin;C:\WINDOWS\SYSTEM32;C:\WINDOWS\WinSxS\amd64_microsoft.windows.common-controls_6595b64144ccf1df_6.0.22621.3672_none_2713b9d173822955;c:\Users\Aluno\.vscode\extensions\redhat.java-1.36.0-win32-x64\jre\17.0.13-win32-x86_64\bin\server;C:\Users\Aluno\AppData\Roaming\Code\User\globalStorage\redhat.java\1.36.0\config_win\org.eclipse.equinox.launcher\org.eclipse.equinox.launcher.win32.win32.x86_64_1.2.1100.v20240722-2106;C:\Users\Aluno\AppData\Local\Temp\jna-63362251

VM Arguments:
jvm_args: --add-modules=ALL-SYSTEM --add-opens=java.base/java.util=ALL-UNNAMED --add-opens=java.base/java.lang=ALL-UNNAMED --add-opens=java.base/sun.nio.fs=ALL-UNNAMED -Declipse.application=org.eclipse.jdt.ls.core.id1 -Dosgi.bundles.defaultStartLevel=4 -Declipse.product=org.eclipse.jdt.ls.core.product -Djava.import.generatesMetadataFilesAtProjectRoot=false -DDetectVMInstallationsJob.disabled=true -Dfile.encoding=utf8 -XX:+UseParallelGC -XX:GCTimeRatio=4 -XX:AdaptiveSizePolicyWeight=90 -Dsun.zip.disableMemoryMapping=true -Xmx1G -Xms100m -Xlog:disable -javaagent:c:\Users\Aluno\.vscode\extensions\redhat.java-1.36.0-win32-x64\lombok\lombok-1.18.35.jar -XX:+HeapDumpOnOutOfMemoryError -XX:HeapDumpPath=c:\Users\Aluno\AppData\Roaming\Code\User\workspaceStorage\ed102d83d7917cb5578b6dcfe1f1c6d5\redhat.java -Daether.dependencyCollector.impl=bf 
java_command: c:\Users\Aluno\.vscode\extensions\redhat.java-1.36.0-win32-x64\server\plugins\org.eclipse.equinox.launcher_1.6.900.v20240613-2009.jar -configuration c:\Users\Aluno\AppData\Roaming\Code\User\globalStorage\redhat.java\1.36.0\config_win -data c:\Users\Aluno\AppData\Roaming\Code\User\workspaceStorage\ed102d83d7917cb5578b6dcfe1f1c6d5\redhat.java\jdt_ws --pipe=\\.\pipe\lsp-a048e0c6e606030e145cbb72c3e8a305-sock
java_class_path (initial): c:\Users\Aluno\.vscode\extensions\redhat.java-1.36.0-win32-x64\server\plugins\org.eclipse.equinox.launcher_1.6.900.v20240613-2009.jar
Launcher Type: SUN_STANDARD

[Global flags]
    uintx AdaptiveSizePolicyWeight                 = 90                                        {product} {command line}
     intx CICompilerCount                          = 4                                         {product} {ergonomic}
    uintx GCTimeRatio                              = 4                                         {product} {command line}
     bool HeapDumpOnOutOfMemoryError               = true                                   {manageable} {command line}
    ccstr HeapDumpPath                             = c:\Users\Aluno\AppData\Roaming\Code\User\workspaceStorage\ed102d83d7917cb5578b6dcfe1f1c6d5\redhat.java         {manageable} {command line}
   size_t InitialHeapSize                          = 104857600                                 {product} {command line}
   size_t MaxHeapSize                              = 1073741824                                {product} {command line}
   size_t MaxNewSize                               = 357564416                                 {product} {ergonomic}
   size_t MinHeapDeltaBytes                        = 524288                                    {product} {ergonomic}
   size_t MinHeapSize                              = 104857600                                 {product} {command line}
   size_t NewSize                                  = 34603008                                  {product} {ergonomic}
    uintx NonNMethodCodeHeapSize                   = 5839372                                {pd product} {ergonomic}
    uintx NonProfiledCodeHeapSize                  = 122909434                              {pd product} {ergonomic}
   size_t OldSize                                  = 70254592                                  {product} {ergonomic}
    uintx ProfiledCodeHeapSize                     = 122909434                              {pd product} {ergonomic}
    uintx ReservedCodeCacheSize                    = 251658240                              {pd product} {ergonomic}
     bool SegmentedCodeCache                       = true                                      {product} {ergonomic}
   size_t SoftMaxHeapSize                          = 1073741824                             {manageable} {ergonomic}
     bool UseCompressedClassPointers               = true                           {product lp64_product} {ergonomic}
     bool UseCompressedOops                        = true                           {product lp64_product} {ergonomic}
     bool UseLargePagesIndividualAllocation        = false                                  {pd product} {ergonomic}
     bool UseParallelGC                            = true                                      {product} {command line}

Logging:
Log output configuration:
 #0: stdout all=off uptime,level,tags
 #1: stderr all=off uptime,level,tags

Environment Variables:
JAVA_HOME=C:\Program Files\Java\jdk-17
CLASSPATH=C:\Program Files\Java\jdk-17\lib\tools.jar;.;
PATH=C:\Python311\Scripts\;C:\Python311\;C:\Program Files\Common Files\Oracle\Java\javapath;C:\Program Files (x86)\Common Files\Oracle\Java\javapath;C:\WINDOWS\system32;C:\WINDOWS;C:\WINDOWS\System32\Wbem;C:\WINDOWS\System32\WindowsPowerShell\v1.0\;C:\WINDOWS\System32\OpenSSH\;C:\Program Files\dotnet\;C:\Program Files\Microsoft SQL Server\130\Tools\Binn\;C:\Program Files\Amazon\AWSCLIV2\;C:\Program Files (x86)\Google\Cloud SDK\google-cloud-sdk\bin;C:\ProgramData\chocolatey\bin;C:\Windows\System32;C:\Program Files\Docker\Docker\resources\bin;C:\Program Files\Meld\;C:\Program Files\nodejs\;C:\Program Files\Java\jdk-17\bin;C:\Program Files\Java\jdk-17;C:\Program Files\Git\cmd;C:\Users\Aluno\AppData\Local\Programs\Python\Launcher\;C:\Users\Aluno\AppData\Local\Microsoft\WindowsApps;;C:\Users\Aluno\AppData\Local\Programs\Microsoft VS Code\bin;C:\Users\Aluno\AppData\Roaming\npm
USERNAME=Aluno
OS=Windows_NT
PROCESSOR_IDENTIFIER=Intel64 Family 6 Model 151 Stepping 5, GenuineIntel
TMP=C:\Users\Aluno\AppData\Local\Temp
TEMP=C:\Users\Aluno\AppData\Local\Temp



Periodic native trim disabled


---------------  S Y S T E M  ---------------

OS:
 Windows 11 , 64 bit Build 22621 (10.0.22621.3958)
OS uptime: 10 days 4:40 hours
Hyper-V role detected

CPU: total 8 (initial active 8) (4 cores per cpu, 2 threads per core) family 6 model 151 stepping 5 microcode 0x26, cx8, cmov, fxsr, ht, mmx, 3dnowpref, sse, sse2, sse3, ssse3, sse4.1, sse4.2, popcnt, lzcnt, tsc, tscinvbit, avx, avx2, aes, erms, clmul, bmi1, bmi2, adx, sha, fma, vzeroupper, clflush, clflushopt, clwb, hv
Processor Information for all 8 processors :
  Max Mhz: 2200, Current Mhz: 2200, Mhz Limit: 2200

Memory: 4k page, system-wide physical 16072M (4807M free)
TotalPageFile size 46243M (AvailPageFile size 5M)
current process WorkingSet (physical memory assigned to process): 336M, peak: 336M
current process commit charge ("private bytes"): 374M, peak: 376M

vm_info: OpenJDK 64-Bit Server VM (17.0.13+11) for windows-amd64 JRE (17.0.13+11), built on Oct 16 2024 00:10:08 by "admin" with MS VC++ 17.7 (VS2022)

END.
